<?xml version="1.0" encoding="UTF-8"?>
<!-- Generated by org.testng.reporters.JUnitReportReporter -->
<testsuite hostname="IND-CHN-LT10484" failures="0" tests="2" name="com.Naukri.QA.testcases.LoginPageTest" time="84.967" errors="0" timestamp="2023-01-18T07:31:05 IST" skipped="0">
  <testcase classname="com.Naukri.QA.testcases.LoginPageTest" name="TanishTest" time="19.531"/>
  <system-out/>
  <testcase classname="com.Naukri.QA.testcases.LoginPageTest" name="AbhiTest" time="65.436"/>
  <system-out/>
</testsuite> <!-- com.Naukri.QA.testcases.LoginPageTest -->
